<?xml version="1.0" encoding="UTF-8"?>
<!-- Generated by org.testng.reporters.JUnitReportReporter -->
<testsuite hostname="DESKTOP-M99DP50" failures="0" tests="2" name="qaclickcademy.Mavenjava.AppiumTest" time="0.009" errors="0" timestamp="2021-05-18T13:59:41 IST" skipped="0">
  <testcase classname="qaclickcademy.Mavenjava.AppiumTest" name="IOSapps" time="0.008"/>
  <system-out/>
  <testcase classname="qaclickcademy.Mavenjava.AppiumTest" name="Nativeappandroid" time="0.001"/>
  <system-out/>
</testsuite> <!-- qaclickcademy.Mavenjava.AppiumTest -->
