<?xml version="1.0" encoding="UTF-8"?>
<!-- Generated by org.testng.reporters.JUnitReportReporter -->
<testsuite hostname="DESKTOP-M99DP50" failures="0" tests="2" name="qaclickcademy.Mavenjava.SeleniumTest" time="0.000" errors="0" timestamp="2021-05-18T15:37:22 IST" skipped="0">
  <testcase classname="qaclickcademy.Mavenjava.SeleniumTest" name="BrowserAutomation" time="0.000"/>
  <system-out/>
  <testcase classname="qaclickcademy.Mavenjava.SeleniumTest" name="elementsUi" time="0.000"/>
  <system-out/>
</testsuite> <!-- qaclickcademy.Mavenjava.SeleniumTest -->
