<?xml version="1.0" encoding="UTF-8"?>
<!-- Generated by org.testng.reporters.JUnitReportReporter -->
<testsuite hostname="DESKTOP-M99DP50" failures="0" tests="2" name="qaclickcademy.Mavenjava.RestAPITest" time="0.005" errors="0" timestamp="2021-05-18T15:37:22 IST" skipped="0">
  <testcase classname="qaclickcademy.Mavenjava.RestAPITest" name="DEletetwitter" time="0.005"/>
  <system-out/>
  <testcase classname="qaclickcademy.Mavenjava.RestAPITest" name="Postjira" time="0.000"/>
  <system-out/>
</testsuite> <!-- qaclickcademy.Mavenjava.RestAPITest -->
